2026-04-28 21:02:42,160 INFO o.a.j.u.JMeterUtils: Setting Locale to en_EN
2026-04-28 21:02:42,185 INFO o.a.j.JMeter: Loading user properties from: /home/vincent/.local/opt/apache-jmeter-5.6.3/bin/user.properties
2026-04-28 21:02:42,186 INFO o.a.j.JMeter: Loading system properties from: /home/vincent/.local/opt/apache-jmeter-5.6.3/bin/system.properties
2026-04-28 21:02:42,195 INFO o.a.j.JMeter: Copyright (c) 1998-2024 The Apache Software Foundation
2026-04-28 21:02:42,195 INFO o.a.j.JMeter: Version 5.6.3
2026-04-28 21:02:42,196 INFO o.a.j.JMeter: java.version=21.0.10
2026-04-28 21:02:42,196 INFO o.a.j.JMeter: java.vm.name=OpenJDK 64-Bit Server VM
2026-04-28 21:02:42,196 INFO o.a.j.JMeter: os.name=Linux
2026-04-28 21:02:42,196 INFO o.a.j.JMeter: os.arch=amd64
2026-04-28 21:02:42,196 INFO o.a.j.JMeter: os.version=5.15.167.4-microsoft-standard-WSL2
2026-04-28 21:02:42,197 INFO o.a.j.JMeter: file.encoding=UTF-8
2026-04-28 21:02:42,197 INFO o.a.j.JMeter: java.awt.headless=true
2026-04-28 21:02:42,197 INFO o.a.j.JMeter: Max memory     =1073741824
2026-04-28 21:02:42,197 INFO o.a.j.JMeter: Available Processors =20
2026-04-28 21:02:42,209 INFO o.a.j.JMeter: Default Locale=English (EN)
2026-04-28 21:02:42,210 INFO o.a.j.JMeter: JMeter  Locale=English (EN)
2026-04-28 21:02:42,210 INFO o.a.j.JMeter: JMeterHome=/home/vincent/.local/opt/apache-jmeter-5.6.3
2026-04-28 21:02:42,210 INFO o.a.j.JMeter: user.dir  =/home/vincent/adpro/exercise-profiling
2026-04-28 21:02:42,210 INFO o.a.j.JMeter: PWD       =/home/vincent/adpro/exercise-profiling
2026-04-28 21:02:42,211 INFO o.a.j.JMeter: IP: 127.0.1.1 Name: DESKTOP-JN0AUB6 FullName: DESKTOP-JN0AUB6.
2026-04-28 21:02:42,228 INFO o.a.j.s.FileServer: Default base='/home/vincent/adpro/exercise-profiling'
2026-04-28 21:02:42,230 INFO o.a.j.s.FileServer: Set new base='/home/vincent/adpro/exercise-profiling/.'
2026-04-28 21:02:42,530 INFO o.a.j.s.SaveService: Testplan (JMX) version: 2.2. Testlog (JTL) version: 2.2
2026-04-28 21:02:42,574 INFO o.a.j.s.SaveService: Using SaveService properties version 5.0
2026-04-28 21:02:42,579 INFO o.a.j.s.SaveService: Using SaveService properties file encoding UTF-8
2026-04-28 21:02:42,587 INFO o.a.j.s.SaveService: Loading file: ./test_plan_3.jmx
2026-04-28 21:02:42,674 INFO o.a.j.p.h.s.HTTPSamplerBase: Parser for text/html is org.apache.jmeter.protocol.http.parser.LagartoBasedHtmlParser
2026-04-28 21:02:42,675 INFO o.a.j.p.h.s.HTTPSamplerBase: Parser for application/xhtml+xml is org.apache.jmeter.protocol.http.parser.LagartoBasedHtmlParser
2026-04-28 21:02:42,675 INFO o.a.j.p.h.s.HTTPSamplerBase: Parser for application/xml is org.apache.jmeter.protocol.http.parser.LagartoBasedHtmlParser
2026-04-28 21:02:42,675 INFO o.a.j.p.h.s.HTTPSamplerBase: Parser for text/xml is org.apache.jmeter.protocol.http.parser.LagartoBasedHtmlParser
2026-04-28 21:02:42,675 INFO o.a.j.p.h.s.HTTPSamplerBase: Parser for text/vnd.wap.wml is org.apache.jmeter.protocol.http.parser.RegexpHTMLParser
2026-04-28 21:02:42,676 INFO o.a.j.p.h.s.HTTPSamplerBase: Parser for text/css is org.apache.jmeter.protocol.http.parser.CssParser
2026-04-28 21:02:42,718 INFO o.a.j.JMeter: Creating summariser <summary>
2026-04-28 21:02:42,740 INFO o.a.j.e.StandardJMeterEngine: Running the test!
2026-04-28 21:02:42,742 INFO o.a.j.s.SampleEvent: List of sample_variables: []
2026-04-28 21:02:42,742 INFO o.a.j.s.SampleEvent: List of sample_variables: []
2026-04-28 21:02:42,748 INFO o.a.j.e.u.CompoundVariable: Note: Function class names must contain the string: '.functions.'
2026-04-28 21:02:42,748 INFO o.a.j.e.u.CompoundVariable: Note: Function class names must not contain the string: '.gui.'
2026-04-28 21:02:42,893 INFO o.a.j.JMeter: Running test (1777384962893)
2026-04-28 21:02:42,960 INFO o.a.j.e.StandardJMeterEngine: Starting ThreadGroup: 1 : Thread Group
2026-04-28 21:02:42,961 INFO o.a.j.e.StandardJMeterEngine: Starting 10 threads for group Thread Group.
2026-04-28 21:02:42,962 INFO o.a.j.e.StandardJMeterEngine: Thread will continue on error
2026-04-28 21:02:42,962 INFO o.a.j.t.ThreadGroup: Starting thread group... number=1 threads=10 ramp-up=1 delayedStart=false
2026-04-28 21:02:42,992 INFO o.a.j.t.JMeterThread: Thread started: Thread Group 1-1
2026-04-28 21:02:43,003 INFO o.a.j.t.ThreadGroup: Started thread group number 1
2026-04-28 21:02:43,004 INFO o.a.j.e.StandardJMeterEngine: All thread groups have been started
2026-04-28 21:02:43,022 INFO o.a.j.p.h.s.HTTPHCAbstractImpl: Local host = DESKTOP-JN0AUB6
2026-04-28 21:02:43,034 INFO o.a.j.p.h.s.HTTPHC4Impl: HTTP request retry count = 0
2026-04-28 21:02:43,039 INFO o.a.j.s.SampleResult: Note: Sample TimeStamps are START times
2026-04-28 21:02:43,040 INFO o.a.j.s.SampleResult: sampleresult.default.encoding is set to UTF-8
2026-04-28 21:02:43,040 INFO o.a.j.s.SampleResult: sampleresult.useNanoTime=true
2026-04-28 21:02:43,041 INFO o.a.j.s.SampleResult: sampleresult.nanoThreadSleep=5000
2026-04-28 21:02:43,076 INFO o.a.j.t.JMeterThread: Thread started: Thread Group 1-2
2026-04-28 21:02:43,170 INFO o.a.j.t.JMeterThread: Thread started: Thread Group 1-3
2026-04-28 21:02:43,268 INFO o.a.j.t.JMeterThread: Thread started: Thread Group 1-4
2026-04-28 21:02:43,366 INFO o.a.j.t.JMeterThread: Thread started: Thread Group 1-5
2026-04-28 21:02:43,368 INFO o.a.j.t.JMeterThread: Thread is done: Thread Group 1-1
2026-04-28 21:02:43,368 INFO o.a.j.t.JMeterThread: Thread is done: Thread Group 1-4
2026-04-28 21:02:43,369 INFO o.a.j.t.JMeterThread: Thread finished: Thread Group 1-1
2026-04-28 21:02:43,369 INFO o.a.j.t.JMeterThread: Thread finished: Thread Group 1-4
2026-04-28 21:02:43,368 INFO o.a.j.t.JMeterThread: Thread is done: Thread Group 1-2
2026-04-28 21:02:43,368 INFO o.a.j.t.JMeterThread: Thread is done: Thread Group 1-3
2026-04-28 21:02:43,370 INFO o.a.j.t.JMeterThread: Thread finished: Thread Group 1-2
2026-04-28 21:02:43,370 INFO o.a.j.t.JMeterThread: Thread finished: Thread Group 1-3
2026-04-28 21:02:43,393 INFO o.a.j.t.JMeterThread: Thread is done: Thread Group 1-5
2026-04-28 21:02:43,394 INFO o.a.j.t.JMeterThread: Thread finished: Thread Group 1-5
2026-04-28 21:02:43,467 INFO o.a.j.t.JMeterThread: Thread started: Thread Group 1-6
2026-04-28 21:02:43,491 INFO o.a.j.t.JMeterThread: Thread is done: Thread Group 1-6
2026-04-28 21:02:43,491 INFO o.a.j.t.JMeterThread: Thread finished: Thread Group 1-6
2026-04-28 21:02:43,567 INFO o.a.j.t.JMeterThread: Thread started: Thread Group 1-7
2026-04-28 21:02:43,594 INFO o.a.j.t.JMeterThread: Thread is done: Thread Group 1-7
2026-04-28 21:02:43,595 INFO o.a.j.t.JMeterThread: Thread finished: Thread Group 1-7
2026-04-28 21:02:43,665 INFO o.a.j.t.JMeterThread: Thread started: Thread Group 1-8
2026-04-28 21:02:43,711 INFO o.a.j.t.JMeterThread: Thread is done: Thread Group 1-8
2026-04-28 21:02:43,711 INFO o.a.j.t.JMeterThread: Thread finished: Thread Group 1-8
2026-04-28 21:02:43,766 INFO o.a.j.t.JMeterThread: Thread started: Thread Group 1-9
2026-04-28 21:02:43,807 INFO o.a.j.t.JMeterThread: Thread is done: Thread Group 1-9
2026-04-28 21:02:43,808 INFO o.a.j.t.JMeterThread: Thread finished: Thread Group 1-9
2026-04-28 21:02:43,866 INFO o.a.j.t.JMeterThread: Thread started: Thread Group 1-10
2026-04-28 21:02:43,890 INFO o.a.j.t.JMeterThread: Thread is done: Thread Group 1-10
2026-04-28 21:02:43,891 INFO o.a.j.t.JMeterThread: Thread finished: Thread Group 1-10
2026-04-28 21:02:43,892 INFO o.a.j.e.StandardJMeterEngine: Notifying test listeners of end of test
2026-04-28 21:02:43,896 INFO o.a.j.r.Summariser: summary =     10 in 00:00:01 =   10.0/s Avg:    90 Min:    19 Max:   225 Err:     0 (0.00%)
